2019-09-01 02:14:19,454  INFO [main] TestBase:48 - Loading Property File
2019-09-01 02:14:19,495  INFO [main] TestBase:48 - Loading Property File
2019-09-01 02:14:19,527  INFO [main] TestUtil:42 - Loading Properties file
2019-09-01 02:14:20,187  INFO [main] TestUtil:60 - Data in Excel:
2019-09-01 02:14:20,226  INFO [main] Testcases:57 - ***Executing Test Cases***
2019-09-01 02:14:20,227  INFO [main] Testcases:58 - Executing Test Case - AutomationPractice_TC01
2019-09-01 02:14:20,227  INFO [main] TestBase:70 - Validating URL
2019-09-01 02:14:23,467  INFO [main] TestBase:115 - Valid URL
2019-09-01 02:14:23,467  INFO [main] TestBase:72 - Setting Preferences for Chrome
2019-09-01 02:14:26,730  INFO [main] TestBase:89 - Loading Browser
2019-09-01 02:14:34,761  INFO [main] TestBase:93 - Application launched successfully..!!
2019-09-01 02:14:34,772  INFO [main] TestBase:94 - http://automationpractice.com/index.php?
2019-09-01 02:14:34,777  INFO [main] TestBase:48 - Loading Property File
2019-09-01 02:14:34,834  INFO [main] HomePage:28 - Clicking on Login link
2019-09-01 02:14:36,706  INFO [main] TestBase:48 - Loading Property File
2019-09-01 02:14:36,712  INFO [main] AccountLoginPage:49 - Home Page - getting Email address from Property file
2019-09-01 02:14:36,977  INFO [main] AccountLoginPage:51 - Clicking on Create Account link
2019-09-01 02:14:37,205  INFO [main] TestBase:48 - Loading Property File
2019-09-01 02:14:37,213  INFO [main] AccountRegistrationPage:92 - Getting and Entering Testdata from Excel file
2019-09-01 02:14:37,231  INFO [main] AccountRegistrationPage:93 - Page Title: Login - My Store
2019-09-01 02:14:37,232  INFO [main] AccountRegistrationPage:95 - Clicking on Title Radio button
2019-09-01 02:14:38,777  INFO [main] AccountRegistrationPage:98 - Entering First Name and value is ABCD
2019-09-01 02:14:38,900  INFO [main] AccountRegistrationPage:101 - Entering Last Name and value is CBDE
2019-09-01 02:14:39,024  INFO [main] AccountRegistrationPage:104 - Entering Password from Property File and value is 123456
2019-09-01 02:14:39,148  INFO [main] AccountRegistrationPage:107 - Entering Days in dropdown and value is 25
2019-09-01 02:14:39,253  INFO [main] AccountRegistrationPage:110 - Entering Month in dropdown and value is October
2019-09-01 02:14:39,469  INFO [main] AccountRegistrationPage:113 - Entering year in dropdown and value is 2000
2019-09-01 02:14:39,566  INFO [main] AccountRegistrationPage:116 - Entering Company name and value is ABC Corp.
2019-09-01 02:14:39,746  INFO [main] AccountRegistrationPage:119 - Entering Address and value is ABCD
2019-09-01 02:14:39,859  INFO [main] AccountRegistrationPage:122 - Entering City name and value is Miami
2019-09-01 02:14:39,987  INFO [main] AccountRegistrationPage:125 - Entering State name and value is Florida
2019-09-01 02:14:40,094  INFO [main] AccountRegistrationPage:128 - Entering Zipcode and value is 33109
2019-09-01 02:14:40,242  INFO [main] AccountRegistrationPage:131 - Entering Home Phone number and value is 1234
2019-09-01 02:14:40,339  INFO [main] AccountRegistrationPage:134 - Entering Mobile number and value is 3456
2019-09-01 02:14:40,430  INFO [main] AccountRegistrationPage:137 - Clearing Alias textbox
2019-09-01 02:14:40,492  INFO [main] AccountRegistrationPage:140 - Enter Alias Address and value is Tampa, Florida
2019-09-01 02:14:40,651  INFO [main] AccountRegistrationPage:143 - Clicking on Register button
2019-09-01 02:14:42,342  INFO [main] TestBase:48 - Loading Property File
2019-09-01 02:14:42,351  INFO [main] UserAccountPage:34 - Page Title:My account - My Store
2019-09-01 02:14:42,354  INFO [main] UserAccountPage:36 - Clicking on Logout button
2019-09-01 02:14:45,019  INFO [main] AccountLoginPage:63 - Page Title: Login - My Store
2019-09-01 02:14:45,172  INFO [main] AccountLoginPage:65 - Loading Email from Property file
2019-09-01 02:14:45,172  INFO [main] AccountLoginPage:66 - Value of Email from Property file 987654123280@gmail.com
2019-09-01 02:14:45,274  INFO [main] AccountLoginPage:68 - Loading Password from Property file
2019-09-01 02:14:45,274  INFO [main] AccountLoginPage:69 - Value of Email from Property file 123456
2019-09-01 02:14:45,274  INFO [main] AccountLoginPage:70 - Taking screenshot after entering Email and Password
2019-09-01 02:14:45,274  INFO [main] TestBase:48 - Loading Property File
2019-09-01 02:14:45,639  INFO [main] AccountLoginPage:72 - Clicking on SignIn button
2019-09-01 02:14:47,226  INFO [main] AccountLoginPage:74 - Taking screenshot after successful Sign-in
2019-09-01 02:14:47,227  INFO [main] TestBase:48 - Loading Property File
2019-09-01 02:14:47,609  INFO [main] Testcases:70 - AutomationPractice_TC01 executed successfully
2019-09-01 02:14:47,616  INFO [main] Testcases:76 - Executing Test Case - AutomationPractice_TC02
2019-09-01 02:14:47,617  INFO [main] UserAccountPage:47 - Getting Search string from Property
2019-09-01 02:14:47,699  INFO [main] UserAccountPage:49 - Clicking on Search button
2019-09-01 02:14:49,833  INFO [main] TestBase:48 - Loading Property File
2019-09-01 02:14:49,875  INFO [main] SearchPage:33 - No of Results for entered Search 7
2019-09-01 02:14:49,875  INFO [main] SearchPage:35 - Comparing Result with Search String
2019-09-01 02:14:49,908 DEBUG [main] SearchPage:45 - Search String avaialble in Search Result: Printed Summer Dress
2019-09-01 02:14:49,927 DEBUG [main] SearchPage:45 - Search String avaialble in Search Result: Printed Dress
2019-09-01 02:14:49,946 DEBUG [main] SearchPage:45 - Search String avaialble in Search Result: Printed Summer Dress
2019-09-01 02:14:49,965 DEBUG [main] SearchPage:45 - Search String avaialble in Search Result: Printed Chiffon Dress
2019-09-01 02:14:49,986 DEBUG [main] SearchPage:45 - Search String avaialble in Search Result: Printed Dress
2019-09-01 02:14:50,006 FATAL [main] SearchPage:50 - Search String not avaialble in Search Result:Faded Short Sleeve T-shirts
2019-09-01 02:14:50,030 FATAL [main] SearchPage:50 - Search String not avaialble in Search Result:Blouse
2019-09-01 02:14:50,031  INFO [main] Testcases:80 - AutomationPractice_TC02 executed successfully
2019-09-01 02:14:50,033  INFO [main] Testcases:85 - Executing Test Case - AutomationPractice_TC03
2019-09-01 02:14:50,040  INFO [main] SearchPage:68 - Clicking on Product
2019-09-01 02:14:52,871  INFO [main] TestBase:48 - Loading Property File
2019-09-01 02:14:52,882  INFO [main] SearchResultPage:34 - Page Title: Printed Summer Dress - My Store
2019-09-01 02:14:52,882  INFO [main] SearchResultPage:35 - Getting the Parent windowhandle ID
2019-09-01 02:14:52,884  INFO [main] SearchResultPage:37 - Parent Windowhandle ID: CDwindow-9B7F2B11FA0EADA10B1FBC267CC3A63D
2019-09-01 02:14:52,887  INFO [main] SearchResultPage:40 - Adding item to Cart
2019-09-01 02:14:52,975  INFO [main] SearchResultPage:42 - Getting available Window Handles
2019-09-01 02:14:52,980 DEBUG [main] SearchResultPage:46 - Switching to Child window
2019-09-01 02:14:52,980 DEBUG [main] SearchResultPage:48 - Child Windowhandle ID: CDwindow-9B7F2B11FA0EADA10B1FBC267CC3A63D
2019-09-01 02:14:52,980 DEBUG [main] SearchResultPage:50 - Switching to Childwindow
2019-09-01 02:14:52,994  INFO [main] SearchResultPage:52 - Clicking on Checkout button
2019-09-01 02:14:55,548  INFO [main] TestBase:48 - Loading Property File
2019-09-01 02:14:55,565  INFO [main] ShoppingCartPage:28 - Page Title: Order - My Store
2019-09-01 02:14:55,566  INFO [main] ShoppingCartPage:29 - Taking Screenshot of Shopping Cart
2019-09-01 02:14:55,566  INFO [main] TestBase:48 - Loading Property File
2019-09-01 02:14:57,483  INFO [main] TestBase:48 - Loading Property File
2019-09-01 02:14:57,492  INFO [main] ManageAddressPage:28 - Page Title: Order - My Store
2019-09-01 02:14:57,492  INFO [main] ManageAddressPage:29 - Clicking on Proceed to Checkout
2019-09-01 02:14:58,924  INFO [main] TestBase:48 - Loading Property File
2019-09-01 02:14:58,937  INFO [main] ShippingPage:27 - Page Title: Order - My Store
2019-09-01 02:14:58,937  INFO [main] ShippingPage:28 - Accepting Terms and Services
2019-09-01 02:14:59,023  INFO [main] ShippingPage:39 - Clicking on Proceed to Checkout
2019-09-01 02:15:00,587  INFO [main] TestBase:48 - Loading Property File
2019-09-01 02:15:00,601  INFO [main] PaymentPage:28 - Page Title: Order - My Store
2019-09-01 02:15:00,602  INFO [main] PaymentPage:29 - Clicking on Pay by Bank Wire option
2019-09-01 02:15:01,809  INFO [main] TestBase:48 - Loading Property File
2019-09-01 02:15:01,817  INFO [main] OrderSummaryPage:24 - Page Title: My Store
2019-09-01 02:15:01,817  INFO [main] OrderSummaryPage:25 - Confirming Order
2019-09-01 02:15:03,973  INFO [main] TestBase:48 - Loading Property File
2019-09-01 02:15:03,978  INFO [main] OrderConfirmationPage:49 - Click on Back to Orders
2019-09-01 02:15:05,997  INFO [main] Testcases:102 - AutomationPractice_TC03 executed successfully
2019-09-01 02:15:06,006  INFO [main] Testcases:107 - Executing Test Case - AutomationPractice_TC04
2019-09-01 02:15:06,008  INFO [main] TestBase:48 - Loading Property File
2019-09-01 02:15:06,029  INFO [main] OrderHistoryPage:36 - Page Title: Order history - My Store
2019-09-01 02:15:06,030  INFO [main] OrderHistoryPage:37 - Clicking on Invoice link
2019-09-01 02:15:06,140  INFO [main] OrderHistoryPage:39 - Getting List of Tabs
2019-09-01 02:15:06,152  INFO [main] OrderHistoryPage:41 - Switching to Child Tab
2019-09-01 02:15:06,161  INFO [main] OrderHistoryPage:44 - Closing Child Tab
2019-09-01 02:15:07,213  INFO [main] OrderHistoryPage:46 - Switching back to Parent Tab
2019-09-01 02:15:07,235  INFO [main] OrderHistoryPage:63 - Invoice File Downloaded and available in Dowload Folder
2019-09-01 02:15:07,242  INFO [main] OrderHistoryPage:80 - Logging out from the application
2019-09-01 02:15:09,564  INFO [main] Testcases:112 - AutomationPractice_TC04 executed successfully
2019-09-01 02:15:09,572  INFO [main] Testcases:117 - Executing Test Case - AutomationPractice_TC05
2019-09-01 02:15:09,572  INFO [main] AccountLoginPage:86 - Entering Invalid Email address
2019-09-01 02:15:09,690  INFO [main] AccountLoginPage:88 - Clicking on Create Account button
2019-09-01 02:15:09,811  INFO [main] AccountLoginPage:91 - Assertion to fail the Testcase
2019-09-01 02:15:10,556 FATAL [main] WebEventListener:84 - TestCase Failed
2019-09-01 02:15:10,557  INFO [main] WebEventListener:85 - Capturing Failure Screenshot
2019-09-01 02:15:10,557  INFO [main] TestBase:129 - Taking Failure Screenshot
2019-09-01 02:15:10,951  INFO [main] Testcases:125 - Closing the Browser
2019-09-01 02:15:11,234  INFO [main] Testcases:127 - ***Test Case execution completed***
2019-09-01 02:15:11,507 DEBUG [main] cache:45 - Couldn't find template in cache for "Extent.ftl"("en_US", UTF-8, parsed); will try to load it.
2019-09-01 02:15:11,509 DEBUG [main] cache:45 - TemplateLoader.findTemplateSource("Extent_en_US.ftl"): Not found
2019-09-01 02:15:11,510 DEBUG [main] cache:45 - TemplateLoader.findTemplateSource("Extent_en.ftl"): Not found
2019-09-01 02:15:11,512 DEBUG [main] cache:45 - TemplateLoader.findTemplateSource("Extent.ftl"): Found
2019-09-01 02:15:11,513 DEBUG [main] cache:45 - Loading template for "Extent.ftl"("en_US", UTF-8, parsed) from "jar:file:/C:/Users/Admin/.m2/repository/com/relevantcodes/extentreports/2.41.2/extentreports-2.41.2.jar!/com/relevantcodes/extentreports/view/Extent.ftl"
2019-09-01 02:15:11,842 DEBUG [main] cache:45 - Couldn't find template in cache for "Extent.ftl"("en_US", UTF-8, parsed); will try to load it.
2019-09-01 02:15:11,843 DEBUG [main] cache:45 - TemplateLoader.findTemplateSource("Extent_en_US.ftl"): Not found
2019-09-01 02:15:11,843 DEBUG [main] cache:45 - TemplateLoader.findTemplateSource("Extent_en.ftl"): Not found
2019-09-01 02:15:11,844 DEBUG [main] cache:45 - TemplateLoader.findTemplateSource("Extent.ftl"): Found
2019-09-01 02:15:11,844 DEBUG [main] cache:45 - Loading template for "Extent.ftl"("en_US", UTF-8, parsed) from "jar:file:/C:/Users/Admin/.m2/repository/com/relevantcodes/extentreports/2.41.2/extentreports-2.41.2.jar!/com/relevantcodes/extentreports/view/Extent.ftl"
